<?xml version="1.0" encoding="UTF-8"?>
<!-- Generated by org.testng.reporters.JUnitReportReporter -->
<testsuite hostname="DESKTOP-TKHHJCC" failures="0" tests="6" name="com.orangehrmive.test.DashboardPageTest" time="77.864" errors="0" timestamp="2020-03-23T16:48:48 EDT" skipped="0">
  <testcase classname="com.orangehrmive.test.DashboardPageTest" name="verifyTitle" time="11.603"/>
  <testcase classname="com.orangehrmive.test.DashboardPageTest" name="validateOrangeHrmImageDisplayed" time="11.611"/>
  <testcase classname="com.orangehrmive.test.DashboardPageTest" name="validateOrangeHrmImageLink" time="16.090"/>
  <testcase classname="com.orangehrmive.test.DashboardPageTest" name="addUserAsAnAdmin" time="12.944"/>
  <testcase classname="com.orangehrmive.test.DashboardPageTest" name="addUserAsAnAdmin" time="12.702"/>
  <testcase classname="com.orangehrmive.test.DashboardPageTest" name="addUserAsAnAdmin" time="12.914"/>
</testsuite> <!-- com.orangehrmive.test.DashboardPageTest -->
