<?xml version="1.0" encoding="UTF-8"?>
<!-- Generated by org.testng.reporters.JUnitReportReporter -->
<testsuite hostname="DESKTOP-TKHHJCC" failures="0" tests="2" name="test.A444_BeforeAfterSuite" time="0.002" errors="0" timestamp="2020-03-01T21:02:37 EST" skipped="0">
  <testcase classname="test.A444_BeforeAfterSuite" name="AboutNewArrivals" time="0.001"/>
  <testcase classname="test.A444_BeforeAfterSuite" name="NewArrivals" time="0.001"/>
</testsuite> <!-- test.A444_BeforeAfterSuite -->
