<?xml version="1.0" encoding="UTF-8"?>
<!-- Generated by org.testng.reporters.JUnitReportReporter -->
<testsuite hostname="DESKTOP-TKHHJCC" failures="0" tests="1" name="test.G1" time="0.008" errors="0" timestamp="2020-03-03T11:18:02 EST" skipped="0">
  <testcase classname="test.G1" name="m2" time="0.008"/>
</testsuite> <!-- test.G1 -->
