<?xml version="1.0" encoding="UTF-8"?>
<!-- Generated by org.testng.reporters.JUnitReportReporter -->
<testsuite hostname="DESKTOP-TKHHJCC" failures="0" tests="4" name="test.P2_TestLevelParameters" time="0.003" errors="0" timestamp="2020-03-02T14:32:25 EST" skipped="0">
  <testcase classname="test.P2_TestLevelParameters" name="m2" time="0.000"/>
  <testcase classname="test.P2_TestLevelParameters" name="m0" time="0.001"/>
  <testcase classname="test.P2_TestLevelParameters" name="m1" time="0.001"/>
  <testcase classname="test.P2_TestLevelParameters" name="m3" time="0.001"/>
</testsuite> <!-- test.P2_TestLevelParameters -->
