<?xml version="1.0" encoding="UTF-8"?>
<!-- Generated by org.testng.reporters.JUnitReportReporter -->
<testsuite hostname="DESKTOP-TKHHJCC" failures="0" tests="1" name="test.A2" time="0.001" errors="0" timestamp="2020-03-19T20:41:44 EDT" skipped="0">
  <testcase classname="test.A2" name="goodBye" time="0.001"/>
</testsuite> <!-- test.A2 -->
