<?xml version="1.0" encoding="UTF-8"?>
<!-- Generated by org.testng.reporters.JUnitReportReporter -->
<testsuite hostname="DESKTOP-TKHHJCC" failures="0" tests="1" name="test.A7" time="0.006" errors="0" timestamp="2020-03-02T10:04:42 EST" skipped="0">
  <testcase classname="test.A7" name="WebTest2" time="0.006"/>
</testsuite> <!-- test.A7 -->
