<?xml version="1.0" encoding="UTF-8"?>
<!-- Generated by org.testng.reporters.JUnitReportReporter -->
<testsuite hostname="DESKTOP-TKHHJCC" failures="0" tests="22" name="testng.naveen.automation.dependsOnMethodsTestNG" time="0.025" errors="0" timestamp="2020-03-20T17:43:44 EDT" skipped="0">
  <testcase classname="testng.naveen.automation.dependsOnMethodsTestNG" name="deposit" time="0.001"/>
  <testcase classname="testng.naveen.automation.dependsOnMethodsTestNG" name="deposit" time="0.001"/>
  <testcase classname="testng.naveen.automation.dependsOnMethodsTestNG" name="deposit" time="0.001"/>
  <testcase classname="testng.naveen.automation.dependsOnMethodsTestNG" name="deposit" time="0.001"/>
  <testcase classname="testng.naveen.automation.dependsOnMethodsTestNG" name="deposit" time="0.001"/>
  <testcase classname="testng.naveen.automation.dependsOnMethodsTestNG" name="deposit" time="0.000"/>
  <testcase classname="testng.naveen.automation.dependsOnMethodsTestNG" name="deposit" time="0.000"/>
  <testcase classname="testng.naveen.automation.dependsOnMethodsTestNG" name="deposit" time="0.001"/>
  <testcase classname="testng.naveen.automation.dependsOnMethodsTestNG" name="deposit" time="0.001"/>
  <testcase classname="testng.naveen.automation.dependsOnMethodsTestNG" name="deposit" time="0.001"/>
  <testcase classname="testng.naveen.automation.dependsOnMethodsTestNG" name="deposit" time="0.001"/>
  <testcase classname="testng.naveen.automation.dependsOnMethodsTestNG" name="deposit" time="0.001"/>
  <testcase classname="testng.naveen.automation.dependsOnMethodsTestNG" name="deposit" time="0.001"/>
  <testcase classname="testng.naveen.automation.dependsOnMethodsTestNG" name="deposit" time="0.001"/>
  <testcase classname="testng.naveen.automation.dependsOnMethodsTestNG" name="deposit" time="0.001"/>
  <testcase classname="testng.naveen.automation.dependsOnMethodsTestNG" name="getAccountBalance" time="0.001"/>
  <testcase classname="testng.naveen.automation.dependsOnMethodsTestNG" name="deposit" time="0.001"/>
  <testcase classname="testng.naveen.automation.dependsOnMethodsTestNG" name="deposit" time="0.001"/>
  <testcase classname="testng.naveen.automation.dependsOnMethodsTestNG" name="deposit" time="0.000"/>
  <testcase classname="testng.naveen.automation.dependsOnMethodsTestNG" name="deposit" time="0.001"/>
  <testcase classname="testng.naveen.automation.dependsOnMethodsTestNG" name="deposit" time="0.001"/>
  <testcase classname="testng.naveen.automation.dependsOnMethodsTestNG" name="login" time="0.007"/>
</testsuite> <!-- testng.naveen.automation.dependsOnMethodsTestNG -->
