<?xml version="1.0" encoding="UTF-8"?>
<!-- Generated by org.testng.reporters.JUnitReportReporter -->
<testsuite hostname="DESKTOP-TKHHJCC" failures="0" tests="3" name="test.D1" time="0.010" errors="0" timestamp="2020-03-02T11:13:11 EST" skipped="0">
  <testcase classname="test.D1" name="login" time="0.008"/>
  <testcase classname="test.D1" name="deposit" time="0.001"/>
  <testcase classname="test.D1" name="checkAccountBalance" time="0.001"/>
</testsuite> <!-- test.D1 -->
