<?xml version="1.0" encoding="UTF-8"?>
<!-- Generated by org.testng.reporters.JUnitReportReporter -->
<testsuite hostname="DESKTOP-TKHHJCC" failures="0" tests="3" name="test.A8" time="0.004" errors="0" timestamp="2020-03-02T10:04:42 EST" skipped="0">
  <testcase classname="test.A8" name="Class1" time="0.002"/>
  <testcase classname="test.A8" name="Classt5" time="0.001"/>
  <testcase classname="test.A8" name="Class2" time="0.001"/>
</testsuite> <!-- test.A8 -->
