<?xml version="1.0" encoding="UTF-8"?>
<!-- Generated by org.testng.reporters.JUnitReportReporter -->
<testsuite hostname="DESKTOP-TKHHJCC" failures="0" tests="4" name="testng.naveen.automation.GroupsTestNG" time="0.010" errors="0" timestamp="2020-03-20T17:01:45 EDT" skipped="0">
  <testcase classname="testng.naveen.automation.GroupsTestNG" name="test1" time="0.007"/>
  <testcase classname="testng.naveen.automation.GroupsTestNG" name="test2" time="0.001"/>
  <testcase classname="testng.naveen.automation.GroupsTestNG" name="test3" time="0.001"/>
  <testcase classname="testng.naveen.automation.GroupsTestNG" name="test4" time="0.001"/>
</testsuite> <!-- testng.naveen.automation.GroupsTestNG -->
