<?xml version="1.0" encoding="UTF-8"?>
<!-- Generated by org.testng.reporters.JUnitReportReporter -->
<testsuite hostname="DESKTOP-TKHHJCC" failures="0" tests="1" name="test.G2" time="0.001" errors="0" timestamp="2020-03-03T11:18:02 EST" skipped="0">
  <testcase classname="test.G2" name="mb" time="0.001"/>
</testsuite> <!-- test.G2 -->
