<?xml version="1.0" encoding="UTF-8"?>
<!-- Generated by org.testng.reporters.JUnitReportReporter -->
<testsuite hostname="DESKTOP-TKHHJCC" failures="0" tests="3" name="testng.naveen.automation.GoogleTest" time="45.470" errors="0" timestamp="2020-03-20T16:15:42 EDT" skipped="0">
  <testcase classname="testng.naveen.automation.GoogleTest" name="getTitle" time="14.940"/>
  <testcase classname="testng.naveen.automation.GoogleTest" name="getLogo" time="15.682"/>
  <testcase classname="testng.naveen.automation.GoogleTest" name="getGmailLink" time="14.848"/>
</testsuite> <!-- testng.naveen.automation.GoogleTest -->
