<?xml version="1.0" encoding="UTF-8"?>
<!-- Generated by org.testng.reporters.JUnitReportReporter -->
<testsuite hostname="DESKTOP-TKHHJCC" failures="0" tests="1" name="test.A3" time="0.000" errors="0" timestamp="2020-03-19T20:41:44 EDT" skipped="0">
  <testcase classname="test.A3" name="informAboutPromotion" time="0.000"/>
</testsuite> <!-- test.A3 -->
