<?xml version="1.0" encoding="UTF-8"?>
<!-- Generated by org.testng.reporters.JUnitReportReporter -->
<testsuite hostname="DESKTOP-TKHHJCC" failures="0" tests="3" name="test.x2_EnabledFalse" time="0.009" errors="0" timestamp="2020-03-02T11:18:41 EST" skipped="1">
  <testcase classname="test.x2_EnabledFalse" name="login" time="0.008"/>
  <testcase classname="test.x2_EnabledFalse" name="checkAccountBalance" time="0.001"/>
  <testcase classname="test.x2_EnabledFalse" name="deposit">
    <skipped/>
  </testcase> <!-- deposit -->
</testsuite> <!-- test.x2_EnabledFalse -->
