<?xml version="1.0" encoding="UTF-8"?>
<!-- Generated by org.testng.reporters.JUnitReportReporter -->
<testsuite hostname="DESKTOP-TKHHJCC" failures="0" tests="1" name="test.A3" time="0.001" errors="0" timestamp="2020-03-01T21:02:37 EST" skipped="0">
  <testcase classname="test.A3" name="informAboutPromotion" time="0.001"/>
</testsuite> <!-- test.A3 -->
