<?xml version="1.0" encoding="UTF-8"?>
<!-- Generated by org.testng.reporters.JUnitReportReporter -->
<testsuite hostname="DESKTOP-TKHHJCC" failures="0" tests="2" name="test.A9" time="0.007" errors="0" timestamp="2020-03-02T10:27:28 EST" skipped="0">
  <testcase classname="test.A9" name="m4" time="0.002"/>
  <testcase classname="test.A9" name="m3" time="0.005"/>
</testsuite> <!-- test.A9 -->
