<?xml version="1.0" encoding="UTF-8"?>
<!-- Generated by org.testng.reporters.JUnitReportReporter -->
<testsuite hostname="DESKTOP-TKHHJCC" failures="0" tests="2" name="test.A1" time="0.007" errors="0" timestamp="2020-03-01T21:02:37 EST" skipped="0">
  <testcase classname="test.A1" name="ask" time="0.002"/>
  <testcase classname="test.A1" name="aGreet" time="0.005"/>
</testsuite> <!-- test.A1 -->
