<?xml version="1.0" encoding="UTF-8"?>
<!-- Generated by org.testng.reporters.JUnitReportReporter -->
<testsuite hostname="DESKTOP-TKHHJCC" failures="0" tests="4" name="test.P5_ListenersDemo2" time="0.005" errors="0" timestamp="2020-03-19T20:42:57 EDT" skipped="0">
  <testcase classname="test.P5_ListenersDemo2" name="m0" time="0.002"/>
  <testcase classname="test.P5_ListenersDemo2" name="m1" time="0.001"/>
  <testcase classname="test.P5_ListenersDemo2" name="m3" time="0.001"/>
  <testcase classname="test.P5_ListenersDemo2" name="m2" time="0.001"/>
</testsuite> <!-- test.P5_ListenersDemo2 -->
