<?xml version="1.0" encoding="UTF-8"?>
<!-- Generated by org.testng.reporters.JUnitReportReporter -->
<testsuite hostname="DESKTOP-TKHHJCC" failures="0" tests="2" name="test.A6" time="0.001" errors="0" timestamp="2020-03-01T21:02:37 EST" skipped="0">
  <testcase classname="test.A6" name="WebTest2" time="0.000"/>
  <testcase classname="test.A6" name="WebTest1" time="0.001"/>
</testsuite> <!-- test.A6 -->
