<?xml version="1.0" encoding="UTF-8"?>
<!-- Generated by org.testng.reporters.JUnitReportReporter -->
<testsuite hostname="DESKTOP-TKHHJCC" failures="0" tests="3" name="testng.naveen.automation.TestNGAnnotations" time="0.009" errors="0" timestamp="2020-03-20T15:57:00 EDT" skipped="0">
  <testcase classname="testng.naveen.automation.TestNGAnnotations" name="getNavigate" time="0.002"/>
  <testcase classname="testng.naveen.automation.TestNGAnnotations" name="getTitle" time="0.001"/>
  <testcase classname="testng.naveen.automation.TestNGAnnotations" name="getCurrentURL" time="0.006"/>
</testsuite> <!-- testng.naveen.automation.TestNGAnnotations -->
