<?xml version="1.0" encoding="UTF-8"?>
<!-- Generated by org.testng.reporters.JUnitReportReporter -->
<testsuite hostname="DESKTOP-TKHHJCC" failures="0" tests="1" name="testng.naveen.automation.ExpectedExceptionsTestNG" time="0.007" errors="0" timestamp="2020-03-20T18:03:13 EDT" skipped="0">
  <testcase classname="testng.naveen.automation.ExpectedExceptionsTestNG" name="test1" time="0.007"/>
</testsuite> <!-- testng.naveen.automation.ExpectedExceptionsTestNG -->
