<?xml version="1.0" encoding="UTF-8"?>
<!-- Generated by org.testng.reporters.JUnitReportReporter -->
<testsuite hostname="DESKTOP-TKHHJCC" failures="0" tests="2" name="test.aaaHashmapTest" time="178.577" errors="0" timestamp="2020-03-24T15:52:19 EDT" skipped="0">
  <testcase classname="test.aaaHashmapTest" name="validateUnsuccessfulLoginWithInvalidCredentials" time="12.060"/>
  <testcase classname="test.aaaHashmapTest" name="validateSuccessfulLoginWithValidCredentials" time="166.517"/>
</testsuite> <!-- test.aaaHashmapTest -->
