<?xml version="1.0" encoding="UTF-8"?>
<!-- Generated by org.testng.reporters.JUnitReportReporter -->
<testsuite hostname="DESKTOP-TKHHJCC" failures="0" tests="7" name="test.A5" time="0.004" errors="0" timestamp="2020-03-01T21:01:53 EST" skipped="0">
  <testcase classname="test.A5" name="MobileTest6" time="0.000"/>
  <testcase classname="test.A5" name="MobileTest5" time="0.001"/>
  <testcase classname="test.A5" name="MobileTest4" time="0.001"/>
  <testcase classname="test.A5" name="MobileTest1" time="0.000"/>
  <testcase classname="test.A5" name="WebTest1" time="0.000"/>
  <testcase classname="test.A5" name="MobileTest2" time="0.001"/>
  <testcase classname="test.A5" name="MobileTest3" time="0.001"/>
</testsuite> <!-- test.A5 -->
