<?xml version="1.0" encoding="UTF-8"?>
<!-- Generated by org.testng.reporters.JUnitReportReporter -->
<testsuite hostname="DESKTOP-TKHHJCC" failures="0" tests="3" name="test.P3_MethodLevelDifferentTestParameterSets" time="0.013" errors="0" timestamp="2020-03-02T22:47:50 EST" skipped="0">
  <testcase classname="test.P3_MethodLevelDifferentTestParameterSets" name="m0" time="0.001"/>
  <testcase classname="test.P3_MethodLevelDifferentTestParameterSets" name="m0" time="0.009"/>
  <testcase classname="test.P3_MethodLevelDifferentTestParameterSets" name="m0" time="0.003"/>
</testsuite> <!-- test.P3_MethodLevelDifferentTestParameterSets -->
