<?xml version="1.0" encoding="UTF-8"?>
<!-- Generated by org.testng.reporters.JUnitReportReporter -->
<testsuite hostname="DESKTOP-TKHHJCC" failures="0" tests="3" name="testng.naveen.automation.DataProviderNaveen" time="51.478" errors="0" timestamp="2020-03-20T18:52:40 EDT" skipped="0">
  <testcase classname="testng.naveen.automation.DataProviderNaveen" name="login" time="18.971"/>
  <testcase classname="testng.naveen.automation.DataProviderNaveen" name="login" time="14.193"/>
  <testcase classname="testng.naveen.automation.DataProviderNaveen" name="login" time="18.314"/>
</testsuite> <!-- testng.naveen.automation.DataProviderNaveen -->
