<?xml version="1.0" encoding="UTF-8"?>
<!-- Generated by org.testng.reporters.JUnitReportReporter -->
<testsuite hostname="DESKTOP-TKHHJCC" failures="0" tests="1" name="com.test.Base" time="0.004" errors="0" timestamp="20 Mar 2020 16:53:37 GMT">
  <testcase classname="com.test.Base" name="getTitle" time="0.004"/>
</testsuite> <!-- com.test.Base -->
