<?xml version="1.0" encoding="UTF-8"?>
<!-- Generated by org.testng.reporters.JUnitReportReporter -->
<testsuite hostname="DESKTOP-TKHHJCC" failures="0" tests="3" name="com.test.TestNGAnnotations" time="0.006" errors="0" timestamp="20 Mar 2020 18:08:51 GMT">
  <testcase classname="com.test.TestNGAnnotations" name="getCurrentURL" time="0.003"/>
  <testcase classname="com.test.TestNGAnnotations" name="getNavigate" time="0.002"/>
  <testcase classname="com.test.TestNGAnnotations" name="getTitle" time="0.001"/>
</testsuite> <!-- com.test.TestNGAnnotations -->
