<?xml version="1.0" encoding="UTF-8"?>
<!-- Generated by org.testng.reporters.JUnitReportReporter -->
<testsuite hostname="DESKTOP-TKHHJCC" failures="0" tests="1" name="pagefactoryconcept.TestLoginWithPageFactory" time="9.538" errors="0" timestamp="7 Mar 2020 14:55:35 GMT">
  <testcase classname="pagefactoryconcept.TestLoginWithPageFactory" name="Login" time="9.538"/>
</testsuite> <!-- pagefactoryconcept.TestLoginWithPageFactory -->
