<?xml version="1.0" encoding="UTF-8"?>
<!-- Generated by org.testng.reporters.JUnitReportReporter -->
<testsuite hostname="DESKTOP-TKHHJCC" failures="0" tests="1" name="testcases.LoginToReddiff" time="10.526" errors="0" timestamp="7 Mar 2020 03:38:50 GMT">
  <testcase classname="testcases.LoginToReddiff" name="Login" time="10.526"/>
</testsuite> <!-- testcases.LoginToReddiff -->
