<?xml version="1.0" encoding="UTF-8"?>
<!-- Generated by org.testng.reporters.JUnitReportReporter -->
<testsuite hostname="DESKTOP-TKHHJCC" failures="0" tests="1" name="testcases.HomePageRediff" time="17.717" errors="0" timestamp="7 Mar 2020 03:57:32 GMT">
  <testcase classname="testcases.HomePageRediff" name="HomePage" time="17.717"/>
</testsuite> <!-- testcases.HomePageRediff -->
